<?xml version="1.0" encoding="UTF-8"?>
<!-- Generated by org.testng.reporters.JUnitReportReporter -->
<testsuite hostname="HB-laptops-048" failures="0" tests="1" name="Automated.Title" time="7.066" errors="0" timestamp="2021-06-25T01:48:25 EDT" skipped="0">
  <testcase classname="Automated.Title" name="testlogo" time="7.066"/>
  <system-out/>
</testsuite> <!-- Automated.Title -->
