<?xml version="1.0" encoding="UTF-8"?>
<!-- Generated by org.testng.reporters.JUnitReportReporter -->
<testsuite hostname="HB-laptops-048" failures="0" tests="2" name="Automated.Images_Buttons" time="18.024" errors="0" timestamp="2021-06-25T01:52:54 EDT" skipped="0">
  <testcase classname="Automated.Images_Buttons" name="buttons" time="9.040"/>
  <system-out/>
  <testcase classname="Automated.Images_Buttons" name="imagess" time="8.984"/>
  <system-out/>
</testsuite> <!-- Automated.Images_Buttons -->
